{"/Users/msrinuva/Desktop/ContactsApplication/App.js": {"path":"/Users/msrinuva/Desktop/ContactsApplication/App.js","statementMap":{"0":{"start":{"line":17,"column":14},"end":{"line":17,"column":36}},"1":{"start":{"line":19,"column":2},"end":{"line":43,"column":4}}},"fnMap":{"0":{"name":"App","decl":{"start":{"line":18,"column":9},"end":{"line":18,"column":12}},"loc":{"start":{"line":18,"column":15},"end":{"line":44,"column":1}},"line":18}},"branchMap":{},"s":{"0":1,"1":1},"f":{"0":1},"b":{},"_coverageSchema":"1a1c01bbd47fc00a2c39e90264f33305004495a9","hash":"185b84cb1cf67f63459740e84a31255fcb31ea8e"}
,"/Users/msrinuva/Desktop/ContactsApplication/store.js": {"path":"/Users/msrinuva/Desktop/ContactsApplication/store.js","statementMap":{"0":{"start":{"line":6,"column":25},"end":{"line":10,"column":2}},"1":{"start":{"line":11,"column":14},"end":{"line":14,"column":1}}},"fnMap":{},"branchMap":{},"s":{"0":1,"1":1},"f":{},"b":{},"_coverageSchema":"1a1c01bbd47fc00a2c39e90264f33305004495a9","hash":"1ca3accb457280fd31228bc3180b756cc8ef44e2"}
,"/Users/msrinuva/Desktop/ContactsApplication/actions/contactAction.js": {"path":"/Users/msrinuva/Desktop/ContactsApplication/actions/contactAction.js","statementMap":{"0":{"start":{"line":10,"column":28},"end":{"line":13,"column":4}},"1":{"start":{"line":10,"column":42},"end":{"line":13,"column":3}},"2":{"start":{"line":15,"column":28},"end":{"line":18,"column":4}},"3":{"start":{"line":15,"column":37},"end":{"line":18,"column":3}},"4":{"start":{"line":20,"column":31},"end":{"line":23,"column":4}},"5":{"start":{"line":20,"column":45},"end":{"line":23,"column":3}},"6":{"start":{"line":25,"column":31},"end":{"line":28,"column":4}},"7":{"start":{"line":25,"column":40},"end":{"line":28,"column":3}},"8":{"start":{"line":30,"column":29},"end":{"line":33,"column":4}},"9":{"start":{"line":30,"column":43},"end":{"line":33,"column":3}}},"fnMap":{"0":{"name":"(anonymous_0)","decl":{"start":{"line":10,"column":28},"end":{"line":10,"column":29}},"loc":{"start":{"line":10,"column":42},"end":{"line":13,"column":3}},"line":10},"1":{"name":"(anonymous_1)","decl":{"start":{"line":15,"column":28},"end":{"line":15,"column":29}},"loc":{"start":{"line":15,"column":37},"end":{"line":18,"column":3}},"line":15},"2":{"name":"(anonymous_2)","decl":{"start":{"line":20,"column":31},"end":{"line":20,"column":32}},"loc":{"start":{"line":20,"column":45},"end":{"line":23,"column":3}},"line":20},"3":{"name":"(anonymous_3)","decl":{"start":{"line":25,"column":31},"end":{"line":25,"column":32}},"loc":{"start":{"line":25,"column":40},"end":{"line":28,"column":3}},"line":25},"4":{"name":"(anonymous_4)","decl":{"start":{"line":30,"column":29},"end":{"line":30,"column":30}},"loc":{"start":{"line":30,"column":43},"end":{"line":33,"column":3}},"line":30}},"branchMap":{},"s":{"0":7,"1":1,"2":7,"3":10,"4":7,"5":2,"6":7,"7":1,"8":7,"9":1},"f":{"0":1,"1":10,"2":2,"3":1,"4":1},"b":{},"_coverageSchema":"1a1c01bbd47fc00a2c39e90264f33305004495a9","hash":"ec490c408c896b044ebf499a5485872b2d16676e"}
,"/Users/msrinuva/Desktop/ContactsApplication/components/addEditContacts.js": {"path":"/Users/msrinuva/Desktop/ContactsApplication/components/addEditContacts.js","statementMap":{"0":{"start":{"line":32,"column":33},"end":{"line":32,"column":45}},"1":{"start":{"line":34,"column":4},"end":{"line":36,"column":12}},"2":{"start":{"line":35,"column":31},"end":{"line":35,"column":57}},"3":{"start":{"line":37,"column":2},"end":{"line":38,"column":79}},"4":{"start":{"line":39,"column":19},"end":{"line":39,"column":32}},"5":{"start":{"line":40,"column":36},"end":{"line":40,"column":48}},"6":{"start":{"line":41,"column":34},"end":{"line":41,"column":46}},"7":{"start":{"line":42,"column":28},"end":{"line":42,"column":40}},"8":{"start":{"line":43,"column":28},"end":{"line":43,"column":40}},"9":{"start":{"line":44,"column":28},"end":{"line":44,"column":42}},"10":{"start":{"line":46,"column":2},"end":{"line":57,"column":3}},"11":{"start":{"line":47,"column":4},"end":{"line":56,"column":18}},"12":{"start":{"line":48,"column":6},"end":{"line":54,"column":7}},"13":{"start":{"line":49,"column":8},"end":{"line":49,"column":40}},"14":{"start":{"line":50,"column":8},"end":{"line":50,"column":38}},"15":{"start":{"line":51,"column":8},"end":{"line":51,"column":32}},"16":{"start":{"line":52,"column":8},"end":{"line":52,"column":32}},"17":{"start":{"line":53,"column":8},"end":{"line":53,"column":32}},"18":{"start":{"line":55,"column":6},"end":{"line":55,"column":38}},"19":{"start":{"line":59,"column":26},"end":{"line":98,"column":3}},"20":{"start":{"line":61,"column":27},"end":{"line":68,"column":5}},"21":{"start":{"line":69,"column":28},"end":{"line":69,"column":47}},"22":{"start":{"line":70,"column":32},"end":{"line":70,"column":54}},"23":{"start":{"line":71,"column":31},"end":{"line":71,"column":52}},"24":{"start":{"line":72,"column":28},"end":{"line":72,"column":53}},"25":{"start":{"line":74,"column":4},"end":{"line":97,"column":5}},"26":{"start":{"line":80,"column":6},"end":{"line":84,"column":8}},"27":{"start":{"line":85,"column":6},"end":{"line":85,"column":58}},"28":{"start":{"line":86,"column":6},"end":{"line":86,"column":38}},"29":{"start":{"line":88,"column":6},"end":{"line":96,"column":7}},"30":{"start":{"line":89,"column":8},"end":{"line":89,"column":47}},"31":{"start":{"line":90,"column":13},"end":{"line":96,"column":7}},"32":{"start":{"line":91,"column":8},"end":{"line":91,"column":46}},"33":{"start":{"line":92,"column":13},"end":{"line":96,"column":7}},"34":{"start":{"line":93,"column":8},"end":{"line":93,"column":49}},"35":{"start":{"line":94,"column":13},"end":{"line":96,"column":7}},"36":{"start":{"line":95,"column":8},"end":{"line":95,"column":42}},"37":{"start":{"line":100,"column":22},"end":{"line":100,"column":39}},"38":{"start":{"line":101,"column":18},"end":{"line":101,"column":39}},"39":{"start":{"line":103,"column":22},"end":{"line":127,"column":3}},"40":{"start":{"line":104,"column":4},"end":{"line":126,"column":11}},"41":{"start":{"line":123,"column":23},"end":{"line":123,"column":52}},"42":{"start":{"line":129,"column":23},"end":{"line":135,"column":3}},"43":{"start":{"line":130,"column":4},"end":{"line":134,"column":11}},"44":{"start":{"line":137,"column":30},"end":{"line":146,"column":3}},"45":{"start":{"line":138,"column":4},"end":{"line":145,"column":7}},"46":{"start":{"line":144,"column":6},"end":{"line":144,"column":30}},"47":{"start":{"line":148,"column":33},"end":{"line":157,"column":3}},"48":{"start":{"line":149,"column":4},"end":{"line":156,"column":7}},"49":{"start":{"line":155,"column":6},"end":{"line":155,"column":30}},"50":{"start":{"line":159,"column":16},"end":{"line":170,"column":3}},"51":{"start":{"line":160,"column":4},"end":{"line":169,"column":6}},"52":{"start":{"line":162,"column":61},"end":{"line":162,"column":92}},"53":{"start":{"line":172,"column":2},"end":{"line":266,"column":4}},"54":{"start":{"line":192,"column":71},"end":{"line":192,"column":100}},"55":{"start":{"line":222,"column":40},"end":{"line":222,"column":58}},"56":{"start":{"line":223,"column":30},"end":{"line":223,"column":52}},"57":{"start":{"line":230,"column":40},"end":{"line":230,"column":57}},"58":{"start":{"line":231,"column":30},"end":{"line":231,"column":51}},"59":{"start":{"line":240,"column":38},"end":{"line":240,"column":52}},"60":{"start":{"line":241,"column":28},"end":{"line":241,"column":53}},"61":{"start":{"line":250,"column":38},"end":{"line":250,"column":52}},"62":{"start":{"line":251,"column":28},"end":{"line":251,"column":47}},"63":{"start":{"line":257,"column":29},"end":{"line":257,"column":46}},"64":{"start":{"line":271,"column":15},"end":{"line":400,"column":2}}},"fnMap":{"0":{"name":"AddContact","decl":{"start":{"line":31,"column":9},"end":{"line":31,"column":19}},"loc":{"start":{"line":31,"column":48},"end":{"line":267,"column":1}},"line":31},"1":{"name":"(anonymous_1)","decl":{"start":{"line":35,"column":20},"end":{"line":35,"column":21}},"loc":{"start":{"line":35,"column":31},"end":{"line":35,"column":57}},"line":35},"2":{"name":"(anonymous_2)","decl":{"start":{"line":47,"column":14},"end":{"line":47,"column":15}},"loc":{"start":{"line":47,"column":20},"end":{"line":56,"column":5}},"line":47},"3":{"name":"(anonymous_3)","decl":{"start":{"line":59,"column":26},"end":{"line":59,"column":27}},"loc":{"start":{"line":59,"column":32},"end":{"line":98,"column":3}},"line":59},"4":{"name":"(anonymous_4)","decl":{"start":{"line":103,"column":22},"end":{"line":103,"column":23}},"loc":{"start":{"line":104,"column":4},"end":{"line":126,"column":11}},"line":104},"5":{"name":"(anonymous_5)","decl":{"start":{"line":123,"column":17},"end":{"line":123,"column":18}},"loc":{"start":{"line":123,"column":23},"end":{"line":123,"column":52}},"line":123},"6":{"name":"(anonymous_6)","decl":{"start":{"line":129,"column":23},"end":{"line":129,"column":24}},"loc":{"start":{"line":130,"column":4},"end":{"line":134,"column":11}},"line":130},"7":{"name":"(anonymous_7)","decl":{"start":{"line":137,"column":30},"end":{"line":137,"column":31}},"loc":{"start":{"line":137,"column":36},"end":{"line":146,"column":3}},"line":137},"8":{"name":"(anonymous_8)","decl":{"start":{"line":143,"column":12},"end":{"line":143,"column":13}},"loc":{"start":{"line":143,"column":26},"end":{"line":145,"column":5}},"line":143},"9":{"name":"(anonymous_9)","decl":{"start":{"line":148,"column":33},"end":{"line":148,"column":34}},"loc":{"start":{"line":148,"column":39},"end":{"line":157,"column":3}},"line":148},"10":{"name":"(anonymous_10)","decl":{"start":{"line":154,"column":12},"end":{"line":154,"column":13}},"loc":{"start":{"line":154,"column":26},"end":{"line":156,"column":5}},"line":154},"11":{"name":"(anonymous_11)","decl":{"start":{"line":159,"column":16},"end":{"line":159,"column":17}},"loc":{"start":{"line":159,"column":22},"end":{"line":170,"column":3}},"line":159},"12":{"name":"(anonymous_12)","decl":{"start":{"line":162,"column":55},"end":{"line":162,"column":56}},"loc":{"start":{"line":162,"column":61},"end":{"line":162,"column":92}},"line":162},"13":{"name":"(anonymous_13)","decl":{"start":{"line":192,"column":65},"end":{"line":192,"column":66}},"loc":{"start":{"line":192,"column":71},"end":{"line":192,"column":100}},"line":192},"14":{"name":"(anonymous_14)","decl":{"start":{"line":222,"column":30},"end":{"line":222,"column":31}},"loc":{"start":{"line":222,"column":40},"end":{"line":222,"column":58}},"line":222},"15":{"name":"(anonymous_15)","decl":{"start":{"line":223,"column":24},"end":{"line":223,"column":25}},"loc":{"start":{"line":223,"column":30},"end":{"line":223,"column":52}},"line":223},"16":{"name":"(anonymous_16)","decl":{"start":{"line":230,"column":30},"end":{"line":230,"column":31}},"loc":{"start":{"line":230,"column":40},"end":{"line":230,"column":57}},"line":230},"17":{"name":"(anonymous_17)","decl":{"start":{"line":231,"column":24},"end":{"line":231,"column":25}},"loc":{"start":{"line":231,"column":30},"end":{"line":231,"column":51}},"line":231},"18":{"name":"(anonymous_18)","decl":{"start":{"line":240,"column":28},"end":{"line":240,"column":29}},"loc":{"start":{"line":240,"column":38},"end":{"line":240,"column":52}},"line":240},"19":{"name":"(anonymous_19)","decl":{"start":{"line":241,"column":22},"end":{"line":241,"column":23}},"loc":{"start":{"line":241,"column":28},"end":{"line":241,"column":53}},"line":241},"20":{"name":"(anonymous_20)","decl":{"start":{"line":250,"column":28},"end":{"line":250,"column":29}},"loc":{"start":{"line":250,"column":38},"end":{"line":250,"column":52}},"line":250},"21":{"name":"(anonymous_21)","decl":{"start":{"line":251,"column":22},"end":{"line":251,"column":23}},"loc":{"start":{"line":251,"column":28},"end":{"line":251,"column":47}},"line":251},"22":{"name":"(anonymous_22)","decl":{"start":{"line":257,"column":23},"end":{"line":257,"column":24}},"loc":{"start":{"line":257,"column":29},"end":{"line":257,"column":46}},"line":257}},"branchMap":{"0":{"loc":{"start":{"line":34,"column":4},"end":{"line":36,"column":12}},"type":"cond-expr","locations":[{"start":{"line":35,"column":8},"end":{"line":35,"column":58}},{"start":{"line":36,"column":8},"end":{"line":36,"column":12}}],"line":34},"1":{"loc":{"start":{"line":38,"column":4},"end":{"line":38,"column":78}},"type":"cond-expr","locations":[{"start":{"line":38,"column":20},"end":{"line":38,"column":27}},{"start":{"line":38,"column":30},"end":{"line":38,"column":78}}],"line":38},"2":{"loc":{"start":{"line":46,"column":2},"end":{"line":57,"column":3}},"type":"if","locations":[{"start":{"line":46,"column":2},"end":{"line":57,"column":3}},{"start":{"line":46,"column":2},"end":{"line":57,"column":3}}],"line":46},"3":{"loc":{"start":{"line":48,"column":6},"end":{"line":54,"column":7}},"type":"if","locations":[{"start":{"line":48,"column":6},"end":{"line":54,"column":7}},{"start":{"line":48,"column":6},"end":{"line":54,"column":7}}],"line":48},"4":{"loc":{"start":{"line":48,"column":10},"end":{"line":48,"column":51}},"type":"binary-expr","locations":[{"start":{"line":48,"column":10},"end":{"line":48,"column":26}},{"start":{"line":48,"column":30},"end":{"line":48,"column":51}}],"line":48},"5":{"loc":{"start":{"line":74,"column":4},"end":{"line":97,"column":5}},"type":"if","locations":[{"start":{"line":74,"column":4},"end":{"line":97,"column":5}},{"start":{"line":74,"column":4},"end":{"line":97,"column":5}}],"line":74},"6":{"loc":{"start":{"line":75,"column":6},"end":{"line":78,"column":21}},"type":"binary-expr","locations":[{"start":{"line":75,"column":6},"end":{"line":75,"column":21}},{"start":{"line":76,"column":6},"end":{"line":76,"column":25}},{"start":{"line":77,"column":6},"end":{"line":77,"column":24}},{"start":{"line":78,"column":6},"end":{"line":78,"column":21}}],"line":75},"7":{"loc":{"start":{"line":81,"column":8},"end":{"line":83,"column":41}},"type":"cond-expr","locations":[{"start":{"line":82,"column":12},"end":{"line":82,"column":38}},{"start":{"line":83,"column":12},"end":{"line":83,"column":41}}],"line":81},"8":{"loc":{"start":{"line":88,"column":6},"end":{"line":96,"column":7}},"type":"if","locations":[{"start":{"line":88,"column":6},"end":{"line":96,"column":7}},{"start":{"line":88,"column":6},"end":{"line":96,"column":7}}],"line":88},"9":{"loc":{"start":{"line":90,"column":13},"end":{"line":96,"column":7}},"type":"if","locations":[{"start":{"line":90,"column":13},"end":{"line":96,"column":7}},{"start":{"line":90,"column":13},"end":{"line":96,"column":7}}],"line":90},"10":{"loc":{"start":{"line":92,"column":13},"end":{"line":96,"column":7}},"type":"if","locations":[{"start":{"line":92,"column":13},"end":{"line":96,"column":7}},{"start":{"line":92,"column":13},"end":{"line":96,"column":7}}],"line":92},"11":{"loc":{"start":{"line":94,"column":13},"end":{"line":96,"column":7}},"type":"if","locations":[{"start":{"line":94,"column":13},"end":{"line":96,"column":7}},{"start":{"line":94,"column":13},"end":{"line":96,"column":7}}],"line":94},"12":{"loc":{"start":{"line":166,"column":11},"end":{"line":166,"column":62}},"type":"cond-expr","locations":[{"start":{"line":166,"column":32},"end":{"line":166,"column":45}},{"start":{"line":166,"column":48},"end":{"line":166,"column":62}}],"line":166},"13":{"loc":{"start":{"line":259,"column":17},"end":{"line":259,"column":73}},"type":"cond-expr","locations":[{"start":{"line":259,"column":38},"end":{"line":259,"column":54}},{"start":{"line":259,"column":57},"end":{"line":259,"column":73}}],"line":259}},"s":{"0":19,"1":19,"2":0,"3":19,"4":19,"5":19,"6":19,"7":19,"8":19,"9":19,"10":19,"11":16,"12":5,"13":4,"14":4,"15":4,"16":4,"17":4,"18":5,"19":19,"20":1,"21":1,"22":1,"23":1,"24":1,"25":1,"26":1,"27":1,"28":1,"29":0,"30":0,"31":0,"32":0,"33":0,"34":0,"35":0,"36":0,"37":19,"38":19,"39":19,"40":2,"41":0,"42":19,"43":1,"44":19,"45":1,"46":0,"47":19,"48":0,"49":0,"50":19,"51":15,"52":1,"53":19,"54":0,"55":1,"56":1,"57":1,"58":1,"59":1,"60":1,"61":1,"62":1,"63":1,"64":3},"f":{"0":19,"1":0,"2":5,"3":1,"4":2,"5":0,"6":1,"7":1,"8":0,"9":0,"10":0,"11":15,"12":1,"13":0,"14":1,"15":1,"16":1,"17":1,"18":1,"19":1,"20":1,"21":1,"22":1},"b":{"0":[16,3],"1":[2,17],"2":[16,3],"3":[4,1],"4":[5,5],"5":[1,0],"6":[1,1,1,1],"7":[0,1],"8":[0,0],"9":[0,0],"10":[0,0],"11":[0,0],"12":[2,13],"13":[3,16]},"_coverageSchema":"1a1c01bbd47fc00a2c39e90264f33305004495a9","hash":"99dee2bed27943a73d9ae6a5da3f0059170743c6"}
,"/Users/msrinuva/Desktop/ContactsApplication/components/contactDetails.js": {"path":"/Users/msrinuva/Desktop/ContactsApplication/components/contactDetails.js","statementMap":{"0":{"start":{"line":14,"column":20},"end":{"line":106,"column":1}},"1":{"start":{"line":15,"column":22},"end":{"line":15,"column":34}},"2":{"start":{"line":16,"column":19},"end":{"line":16,"column":32}},"3":{"start":{"line":18,"column":4},"end":{"line":20,"column":56}},"4":{"start":{"line":19,"column":31},"end":{"line":19,"column":57}},"5":{"start":{"line":21,"column":2},"end":{"line":21,"column":40}},"6":{"start":{"line":22,"column":36},"end":{"line":22,"column":48}},"7":{"start":{"line":23,"column":34},"end":{"line":23,"column":46}},"8":{"start":{"line":24,"column":28},"end":{"line":24,"column":40}},"9":{"start":{"line":25,"column":28},"end":{"line":25,"column":40}},"10":{"start":{"line":26,"column":28},"end":{"line":26,"column":43}},"11":{"start":{"line":28,"column":2},"end":{"line":37,"column":16}},"12":{"start":{"line":29,"column":4},"end":{"line":35,"column":5}},"13":{"start":{"line":30,"column":6},"end":{"line":30,"column":38}},"14":{"start":{"line":31,"column":6},"end":{"line":31,"column":36}},"15":{"start":{"line":32,"column":6},"end":{"line":32,"column":30}},"16":{"start":{"line":33,"column":6},"end":{"line":33,"column":30}},"17":{"start":{"line":34,"column":6},"end":{"line":34,"column":30}},"18":{"start":{"line":36,"column":4},"end":{"line":36,"column":36}},"19":{"start":{"line":39,"column":2},"end":{"line":105,"column":4}},"20":{"start":{"line":75,"column":25},"end":{"line":75,"column":62}},"21":{"start":{"line":81,"column":25},"end":{"line":81,"column":57}},"22":{"start":{"line":87,"column":25},"end":{"line":87,"column":78}},"23":{"start":{"line":96,"column":12},"end":{"line":99,"column":14}},"24":{"start":{"line":109,"column":15},"end":{"line":173,"column":2}}},"fnMap":{"0":{"name":"(anonymous_0)","decl":{"start":{"line":14,"column":20},"end":{"line":14,"column":21}},"loc":{"start":{"line":14,"column":52},"end":{"line":106,"column":1}},"line":14},"1":{"name":"(anonymous_1)","decl":{"start":{"line":19,"column":20},"end":{"line":19,"column":21}},"loc":{"start":{"line":19,"column":31},"end":{"line":19,"column":57}},"line":19},"2":{"name":"(anonymous_2)","decl":{"start":{"line":28,"column":12},"end":{"line":28,"column":13}},"loc":{"start":{"line":28,"column":18},"end":{"line":37,"column":3}},"line":28},"3":{"name":"(anonymous_3)","decl":{"start":{"line":75,"column":19},"end":{"line":75,"column":20}},"loc":{"start":{"line":75,"column":25},"end":{"line":75,"column":62}},"line":75},"4":{"name":"(anonymous_4)","decl":{"start":{"line":81,"column":19},"end":{"line":81,"column":20}},"loc":{"start":{"line":81,"column":25},"end":{"line":81,"column":57}},"line":81},"5":{"name":"(anonymous_5)","decl":{"start":{"line":87,"column":19},"end":{"line":87,"column":20}},"loc":{"start":{"line":87,"column":25},"end":{"line":87,"column":78}},"line":87},"6":{"name":"(anonymous_6)","decl":{"start":{"line":95,"column":19},"end":{"line":95,"column":20}},"loc":{"start":{"line":96,"column":12},"end":{"line":99,"column":14}},"line":96}},"branchMap":{"0":{"loc":{"start":{"line":18,"column":4},"end":{"line":20,"column":56}},"type":"cond-expr","locations":[{"start":{"line":19,"column":8},"end":{"line":19,"column":58}},{"start":{"line":20,"column":8},"end":{"line":20,"column":56}}],"line":18},"1":{"loc":{"start":{"line":29,"column":4},"end":{"line":35,"column":5}},"type":"if","locations":[{"start":{"line":29,"column":4},"end":{"line":35,"column":5}},{"start":{"line":29,"column":4},"end":{"line":35,"column":5}}],"line":29}},"s":{"0":2,"1":3,"2":3,"3":3,"4":0,"5":3,"6":3,"7":3,"8":3,"9":3,"10":3,"11":3,"12":2,"13":1,"14":1,"15":1,"16":1,"17":1,"18":2,"19":3,"20":1,"21":1,"22":1,"23":1,"24":2},"f":{"0":3,"1":0,"2":2,"3":1,"4":1,"5":1,"6":1},"b":{"0":[1,2],"1":[1,1]},"_coverageSchema":"1a1c01bbd47fc00a2c39e90264f33305004495a9","hash":"526dba0b07472fd41e69c97176e82590a5645ab9"}
,"/Users/msrinuva/Desktop/ContactsApplication/components/contacts.js": {"path":"/Users/msrinuva/Desktop/ContactsApplication/components/contacts.js","statementMap":{"0":{"start":{"line":11,"column":16},"end":{"line":67,"column":1}},"1":{"start":{"line":12,"column":21},"end":{"line":12,"column":36}},"2":{"start":{"line":13,"column":19},"end":{"line":13,"column":32}},"3":{"start":{"line":14,"column":50},"end":{"line":14,"column":57}},"4":{"start":{"line":15,"column":21},"end":{"line":15,"column":59}},"5":{"start":{"line":16,"column":19},"end":{"line":21,"column":3}},"6":{"start":{"line":17,"column":4},"end":{"line":20,"column":7}},"7":{"start":{"line":18,"column":35},"end":{"line":18,"column":62}},"8":{"start":{"line":22,"column":20},"end":{"line":22,"column":24}},"9":{"start":{"line":23,"column":2},"end":{"line":28,"column":3}},"10":{"start":{"line":24,"column":4},"end":{"line":24,"column":70}},"11":{"start":{"line":26,"column":19},"end":{"line":26,"column":31}},"12":{"start":{"line":27,"column":4},"end":{"line":27,"column":74}},"13":{"start":{"line":29,"column":2},"end":{"line":66,"column":4}},"14":{"start":{"line":35,"column":25},"end":{"line":35,"column":72}},"15":{"start":{"line":44,"column":78},"end":{"line":44,"column":88}},"16":{"start":{"line":49,"column":29},"end":{"line":49,"column":76}},"17":{"start":{"line":56,"column":16},"end":{"line":59,"column":18}},"18":{"start":{"line":70,"column":15},"end":{"line":103,"column":2}}},"fnMap":{"0":{"name":"(anonymous_0)","decl":{"start":{"line":11,"column":16},"end":{"line":11,"column":17}},"loc":{"start":{"line":11,"column":31},"end":{"line":67,"column":1}},"line":11},"1":{"name":"(anonymous_1)","decl":{"start":{"line":16,"column":19},"end":{"line":16,"column":20}},"loc":{"start":{"line":16,"column":25},"end":{"line":21,"column":3}},"line":16},"2":{"name":"(anonymous_2)","decl":{"start":{"line":18,"column":29},"end":{"line":18,"column":30}},"loc":{"start":{"line":18,"column":35},"end":{"line":18,"column":62}},"line":18},"3":{"name":"(anonymous_3)","decl":{"start":{"line":35,"column":19},"end":{"line":35,"column":20}},"loc":{"start":{"line":35,"column":25},"end":{"line":35,"column":72}},"line":35},"4":{"name":"(anonymous_4)","decl":{"start":{"line":44,"column":72},"end":{"line":44,"column":73}},"loc":{"start":{"line":44,"column":78},"end":{"line":44,"column":88}},"line":44},"5":{"name":"(anonymous_5)","decl":{"start":{"line":49,"column":23},"end":{"line":49,"column":24}},"loc":{"start":{"line":49,"column":29},"end":{"line":49,"column":76}},"line":49},"6":{"name":"(anonymous_6)","decl":{"start":{"line":55,"column":23},"end":{"line":55,"column":24}},"loc":{"start":{"line":56,"column":16},"end":{"line":59,"column":18}},"line":56}},"branchMap":{"0":{"loc":{"start":{"line":23,"column":2},"end":{"line":28,"column":3}},"type":"if","locations":[{"start":{"line":23,"column":2},"end":{"line":28,"column":3}},{"start":{"line":23,"column":2},"end":{"line":28,"column":3}}],"line":23}},"s":{"0":3,"1":23,"2":23,"3":23,"4":23,"5":23,"6":1,"7":0,"8":23,"9":23,"10":22,"11":1,"12":1,"13":23,"14":1,"15":1,"16":1,"17":1,"18":3},"f":{"0":23,"1":1,"2":0,"3":1,"4":1,"5":1,"6":1},"b":{"0":[22,1]},"_coverageSchema":"1a1c01bbd47fc00a2c39e90264f33305004495a9","hash":"82d80e443fcb5c6339a087c184349543ad2c6fcd"}
,"/Users/msrinuva/Desktop/ContactsApplication/components/contactsList.js": {"path":"/Users/msrinuva/Desktop/ContactsApplication/components/contactsList.js","statementMap":{"0":{"start":{"line":8,"column":15},"end":{"line":8,"column":55}},"1":{"start":{"line":11,"column":28},"end":{"line":11,"column":32}},"2":{"start":{"line":12,"column":25},"end":{"line":12,"column":29}},"3":{"start":{"line":14,"column":4},"end":{"line":16,"column":46}},"4":{"start":{"line":15,"column":31},"end":{"line":15,"column":58}},"5":{"start":{"line":17,"column":19},"end":{"line":17,"column":32}},"6":{"start":{"line":18,"column":30},"end":{"line":18,"column":42}},"7":{"start":{"line":19,"column":2},"end":{"line":35,"column":3}},"8":{"start":{"line":20,"column":4},"end":{"line":22,"column":7}},"9":{"start":{"line":21,"column":6},"end":{"line":21,"column":52}},"10":{"start":{"line":24,"column":4},"end":{"line":34,"column":72}},"11":{"start":{"line":26,"column":33},"end":{"line":30,"column":23}},"12":{"start":{"line":31,"column":32},"end":{"line":31,"column":52}},"13":{"start":{"line":32,"column":8},"end":{"line":32,"column":62}},"14":{"start":{"line":34,"column":24},"end":{"line":34,"column":70}},"15":{"start":{"line":36,"column":20},"end":{"line":55,"column":3}},"16":{"start":{"line":37,"column":4},"end":{"line":54,"column":6}},"17":{"start":{"line":45,"column":36},"end":{"line":45,"column":51}},"18":{"start":{"line":56,"column":2},"end":{"line":84,"column":3}},"19":{"start":{"line":57,"column":4},"end":{"line":69,"column":6}},"20":{"start":{"line":62,"column":10},"end":{"line":65,"column":12}},"21":{"start":{"line":71,"column":4},"end":{"line":83,"column":6}},"22":{"start":{"line":76,"column":10},"end":{"line":79,"column":12}},"23":{"start":{"line":85,"column":2},"end":{"line":95,"column":4}},"24":{"start":{"line":100,"column":15},"end":{"line":120,"column":2}}},"fnMap":{"0":{"name":"Contacts","decl":{"start":{"line":10,"column":9},"end":{"line":10,"column":17}},"loc":{"start":{"line":10,"column":39},"end":{"line":96,"column":1}},"line":10},"1":{"name":"(anonymous_1)","decl":{"start":{"line":15,"column":20},"end":{"line":15,"column":21}},"loc":{"start":{"line":15,"column":31},"end":{"line":15,"column":58}},"line":15},"2":{"name":"(anonymous_2)","decl":{"start":{"line":20,"column":36},"end":{"line":20,"column":37}},"loc":{"start":{"line":21,"column":6},"end":{"line":21,"column":52}},"line":21},"3":{"name":"(anonymous_3)","decl":{"start":{"line":25,"column":14},"end":{"line":25,"column":15}},"loc":{"start":{"line":25,"column":27},"end":{"line":33,"column":7}},"line":25},"4":{"name":"(anonymous_4)","decl":{"start":{"line":34,"column":11},"end":{"line":34,"column":12}},"loc":{"start":{"line":34,"column":24},"end":{"line":34,"column":70}},"line":34},"5":{"name":"(anonymous_5)","decl":{"start":{"line":36,"column":20},"end":{"line":36,"column":21}},"loc":{"start":{"line":36,"column":26},"end":{"line":55,"column":3}},"line":36},"6":{"name":"(anonymous_6)","decl":{"start":{"line":45,"column":26},"end":{"line":45,"column":27}},"loc":{"start":{"line":45,"column":36},"end":{"line":45,"column":51}},"line":45},"7":{"name":"(anonymous_7)","decl":{"start":{"line":61,"column":17},"end":{"line":61,"column":18}},"loc":{"start":{"line":62,"column":10},"end":{"line":65,"column":12}},"line":62},"8":{"name":"(anonymous_8)","decl":{"start":{"line":75,"column":17},"end":{"line":75,"column":18}},"loc":{"start":{"line":76,"column":10},"end":{"line":79,"column":12}},"line":76}},"branchMap":{"0":{"loc":{"start":{"line":14,"column":4},"end":{"line":16,"column":46}},"type":"cond-expr","locations":[{"start":{"line":15,"column":8},"end":{"line":15,"column":59}},{"start":{"line":16,"column":8},"end":{"line":16,"column":46}}],"line":14},"1":{"loc":{"start":{"line":19,"column":2},"end":{"line":35,"column":3}},"type":"if","locations":[{"start":{"line":19,"column":2},"end":{"line":35,"column":3}},{"start":{"line":19,"column":2},"end":{"line":35,"column":3}}],"line":19},"2":{"loc":{"start":{"line":56,"column":2},"end":{"line":84,"column":3}},"type":"if","locations":[{"start":{"line":56,"column":2},"end":{"line":84,"column":3}},{"start":{"line":56,"column":2},"end":{"line":84,"column":3}}],"line":56}},"s":{"0":2,"1":5,"2":5,"3":5,"4":2,"5":5,"6":5,"7":5,"8":4,"9":17,"10":1,"11":1,"12":1,"13":1,"14":1,"15":5,"16":5,"17":1,"18":5,"19":0,"20":0,"21":5,"22":1,"23":5,"24":2},"f":{"0":5,"1":2,"2":17,"3":1,"4":1,"5":5,"6":1,"7":0,"8":1},"b":{"0":[1,4],"1":[4,1],"2":[0,5]},"_coverageSchema":"1a1c01bbd47fc00a2c39e90264f33305004495a9","hash":"b0d16784d7cba27d8c9b0648ca68cc71e201eb6b"}
,"/Users/msrinuva/Desktop/ContactsApplication/constant/type.js": {"path":"/Users/msrinuva/Desktop/ContactsApplication/constant/type.js","statementMap":{"0":{"start":{"line":1,"column":30},"end":{"line":1,"column":46}},"1":{"start":{"line":2,"column":27},"end":{"line":2,"column":40}},"2":{"start":{"line":3,"column":30},"end":{"line":3,"column":46}},"3":{"start":{"line":4,"column":30},"end":{"line":4,"column":46}},"4":{"start":{"line":5,"column":28},"end":{"line":5,"column":42}},"5":{"start":{"line":6,"column":32},"end":{"line":6,"column":65}},"6":{"start":{"line":7,"column":31},"end":{"line":7,"column":63}},"7":{"start":{"line":8,"column":27},"end":{"line":8,"column":58}},"8":{"start":{"line":9,"column":34},"end":{"line":9,"column":69}},"9":{"start":{"line":10,"column":29},"end":{"line":10,"column":54}},"10":{"start":{"line":11,"column":28},"end":{"line":11,"column":63}}},"fnMap":{},"branchMap":{},"s":{"0":8,"1":8,"2":8,"3":8,"4":8,"5":8,"6":8,"7":8,"8":8,"9":8,"10":8},"f":{},"b":{},"_coverageSchema":"1a1c01bbd47fc00a2c39e90264f33305004495a9","hash":"033cf1dd290422aa6a4c8ed51b02dd2f6516a7f3"}
,"/Users/msrinuva/Desktop/ContactsApplication/reducers/contactReducers.js": {"path":"/Users/msrinuva/Desktop/ContactsApplication/reducers/contactReducers.js","statementMap":{"0":{"start":{"line":9,"column":27},"end":{"line":125,"column":1}},"1":{"start":{"line":137,"column":30},"end":{"line":181,"column":1}},"2":{"start":{"line":138,"column":2},"end":{"line":180,"column":3}},"3":{"start":{"line":140,"column":6},"end":{"line":143,"column":8}},"4":{"start":{"line":145,"column":16},"end":{"line":147,"column":7}},"5":{"start":{"line":146,"column":21},"end":{"line":146,"column":49}},"6":{"start":{"line":148,"column":6},"end":{"line":148,"column":25}},"7":{"start":{"line":149,"column":6},"end":{"line":151,"column":7}},"8":{"start":{"line":150,"column":8},"end":{"line":150,"column":18}},"9":{"start":{"line":152,"column":6},"end":{"line":155,"column":8}},"10":{"start":{"line":157,"column":6},"end":{"line":162,"column":8}},"11":{"start":{"line":160,"column":10},"end":{"line":160,"column":68}},"12":{"start":{"line":164,"column":6},"end":{"line":169,"column":8}},"13":{"start":{"line":167,"column":23},"end":{"line":167,"column":51}},"14":{"start":{"line":171,"column":6},"end":{"line":176,"column":8}},"15":{"start":{"line":174,"column":10},"end":{"line":174,"column":68}},"16":{"start":{"line":179,"column":6},"end":{"line":179,"column":19}}},"fnMap":{"0":{"name":"(anonymous_0)","decl":{"start":{"line":137,"column":30},"end":{"line":137,"column":31}},"loc":{"start":{"line":137,"column":63},"end":{"line":181,"column":1}},"line":137},"1":{"name":"(anonymous_1)","decl":{"start":{"line":146,"column":8},"end":{"line":146,"column":9}},"loc":{"start":{"line":146,"column":21},"end":{"line":146,"column":49}},"line":146},"2":{"name":"(anonymous_2)","decl":{"start":{"line":159,"column":37},"end":{"line":159,"column":38}},"loc":{"start":{"line":160,"column":10},"end":{"line":160,"column":68}},"line":160},"3":{"name":"(anonymous_3)","decl":{"start":{"line":167,"column":10},"end":{"line":167,"column":11}},"loc":{"start":{"line":167,"column":23},"end":{"line":167,"column":51}},"line":167},"4":{"name":"(anonymous_4)","decl":{"start":{"line":173,"column":37},"end":{"line":173,"column":38}},"loc":{"start":{"line":174,"column":10},"end":{"line":174,"column":68}},"line":174}},"branchMap":{"0":{"loc":{"start":{"line":137,"column":31},"end":{"line":137,"column":50}},"type":"default-arg","locations":[{"start":{"line":137,"column":39},"end":{"line":137,"column":50}}],"line":137},"1":{"loc":{"start":{"line":138,"column":2},"end":{"line":180,"column":3}},"type":"switch","locations":[{"start":{"line":139,"column":4},"end":{"line":143,"column":8}},{"start":{"line":144,"column":4},"end":{"line":155,"column":8}},{"start":{"line":156,"column":4},"end":{"line":162,"column":8}},{"start":{"line":163,"column":4},"end":{"line":169,"column":8}},{"start":{"line":170,"column":4},"end":{"line":176,"column":8}},{"start":{"line":178,"column":4},"end":{"line":179,"column":19}}],"line":138},"2":{"loc":{"start":{"line":160,"column":10},"end":{"line":160,"column":68}},"type":"cond-expr","locations":[{"start":{"line":160,"column":44},"end":{"line":160,"column":58}},{"start":{"line":160,"column":61},"end":{"line":160,"column":68}}],"line":160},"3":{"loc":{"start":{"line":174,"column":10},"end":{"line":174,"column":68}},"type":"cond-expr","locations":[{"start":{"line":174,"column":44},"end":{"line":174,"column":58}},{"start":{"line":174,"column":61},"end":{"line":174,"column":68}}],"line":174}},"s":{"0":2,"1":2,"2":9,"3":1,"4":1,"5":14,"6":1,"7":1,"8":1,"9":1,"10":1,"11":14,"12":1,"13":14,"14":1,"15":14,"16":4},"f":{"0":9,"1":14,"2":14,"3":14,"4":14},"b":{"0":[9],"1":[1,1,1,1,1,4],"2":[1,13],"3":[0,14]},"_coverageSchema":"1a1c01bbd47fc00a2c39e90264f33305004495a9","hash":"5b2e1675cdec9c4fd9a0ad78de808a0091b5f79d"}
,"/Users/msrinuva/Desktop/ContactsApplication/reducers/index.js": {"path":"/Users/msrinuva/Desktop/ContactsApplication/reducers/index.js","statementMap":{},"fnMap":{},"branchMap":{},"s":{},"f":{},"b":{},"_coverageSchema":"1a1c01bbd47fc00a2c39e90264f33305004495a9","hash":"f9b02ef8d656bfb57db65a190ff79d38f748c942"}
,"/Users/msrinuva/Desktop/ContactsApplication/utils/validations.js": {"path":"/Users/msrinuva/Desktop/ContactsApplication/utils/validations.js","statementMap":{"0":{"start":{"line":3,"column":27},"end":{"line":10,"column":1}},"1":{"start":{"line":4,"column":20},"end":{"line":4,"column":37}},"2":{"start":{"line":5,"column":20},"end":{"line":5,"column":40}},"3":{"start":{"line":6,"column":2},"end":{"line":8,"column":3}},"4":{"start":{"line":7,"column":4},"end":{"line":7,"column":17}},"5":{"start":{"line":9,"column":2},"end":{"line":9,"column":14}},"6":{"start":{"line":12,"column":34},"end":{"line":19,"column":1}},"7":{"start":{"line":13,"column":21},"end":{"line":13,"column":67}},"8":{"start":{"line":14,"column":21},"end":{"line":14,"column":49}},"9":{"start":{"line":15,"column":2},"end":{"line":17,"column":3}},"10":{"start":{"line":16,"column":4},"end":{"line":16,"column":17}},"11":{"start":{"line":18,"column":2},"end":{"line":18,"column":14}},"12":{"start":{"line":21,"column":28},"end":{"line":28,"column":1}},"13":{"start":{"line":22,"column":20},"end":{"line":22,"column":67}},"14":{"start":{"line":23,"column":20},"end":{"line":23,"column":41}},"15":{"start":{"line":24,"column":2},"end":{"line":26,"column":3}},"16":{"start":{"line":25,"column":4},"end":{"line":25,"column":17}},"17":{"start":{"line":27,"column":2},"end":{"line":27,"column":14}}},"fnMap":{"0":{"name":"(anonymous_0)","decl":{"start":{"line":3,"column":27},"end":{"line":3,"column":28}},"loc":{"start":{"line":3,"column":37},"end":{"line":10,"column":1}},"line":3},"1":{"name":"(anonymous_1)","decl":{"start":{"line":12,"column":34},"end":{"line":12,"column":35}},"loc":{"start":{"line":12,"column":51},"end":{"line":19,"column":1}},"line":12},"2":{"name":"(anonymous_2)","decl":{"start":{"line":21,"column":28},"end":{"line":21,"column":29}},"loc":{"start":{"line":21,"column":39},"end":{"line":28,"column":1}},"line":21}},"branchMap":{"0":{"loc":{"start":{"line":6,"column":2},"end":{"line":8,"column":3}},"type":"if","locations":[{"start":{"line":6,"column":2},"end":{"line":8,"column":3}},{"start":{"line":6,"column":2},"end":{"line":8,"column":3}}],"line":6},"1":{"loc":{"start":{"line":15,"column":2},"end":{"line":17,"column":3}},"type":"if","locations":[{"start":{"line":15,"column":2},"end":{"line":17,"column":3}},{"start":{"line":15,"column":2},"end":{"line":17,"column":3}}],"line":15},"2":{"loc":{"start":{"line":24,"column":2},"end":{"line":26,"column":3}},"type":"if","locations":[{"start":{"line":24,"column":2},"end":{"line":26,"column":3}},{"start":{"line":24,"column":2},"end":{"line":26,"column":3}}],"line":24}},"s":{"0":4,"1":6,"2":6,"3":6,"4":1,"5":5,"6":4,"7":6,"8":6,"9":6,"10":3,"11":3,"12":4,"13":10,"14":10,"15":10,"16":6,"17":4},"f":{"0":6,"1":6,"2":10},"b":{"0":[1,5],"1":[3,3],"2":[6,4]},"_coverageSchema":"1a1c01bbd47fc00a2c39e90264f33305004495a9","hash":"c43dca603e961e8dbd69ed8fc34fe45951331e75"}
}
