TN:
SF:App.js
FN:18,App
FNF:1
FNH:1
FNDA:1,App
DA:17,1
DA:19,1
LF:2
LH:2
BRF:0
BRH:0
end_of_record
TN:
SF:store.js
FNF:0
FNH:0
DA:6,1
DA:11,1
LF:2
LH:2
BRF:0
BRH:0
end_of_record
TN:
SF:actions/contactAction.js
FN:10,(anonymous_0)
FN:15,(anonymous_1)
FN:20,(anonymous_2)
FN:25,(anonymous_3)
FN:30,(anonymous_4)
FNF:5
FNH:5
FNDA:1,(anonymous_0)
FNDA:10,(anonymous_1)
FNDA:2,(anonymous_2)
FNDA:1,(anonymous_3)
FNDA:1,(anonymous_4)
DA:10,7
DA:15,10
DA:20,7
DA:25,7
DA:30,7
LF:5
LH:5
BRF:0
BRH:0
end_of_record
TN:
SF:components/addEditContacts.js
FN:31,AddContact
FN:35,(anonymous_1)
FN:47,(anonymous_2)
FN:59,(anonymous_3)
FN:103,(anonymous_4)
FN:123,(anonymous_5)
FN:129,(anonymous_6)
FN:137,(anonymous_7)
FN:143,(anonymous_8)
FN:149,(anonymous_9)
FN:155,(anonymous_10)
FN:160,(anonymous_11)
FN:163,(anonymous_12)
FN:193,(anonymous_13)
FN:223,(anonymous_14)
FN:224,(anonymous_15)
FN:231,(anonymous_16)
FN:232,(anonymous_17)
FN:241,(anonymous_18)
FN:242,(anonymous_19)
FN:251,(anonymous_20)
FN:252,(anonymous_21)
FN:258,(anonymous_22)
FNF:23
FNH:20
FNDA:20,AddContact
FNDA:0,(anonymous_1)
FNDA:5,(anonymous_2)
FNDA:1,(anonymous_3)
FNDA:3,(anonymous_4)
FNDA:0,(anonymous_5)
FNDA:1,(anonymous_6)
FNDA:1,(anonymous_7)
FNDA:1,(anonymous_8)
FNDA:1,(anonymous_9)
FNDA:1,(anonymous_10)
FNDA:15,(anonymous_11)
FNDA:1,(anonymous_12)
FNDA:0,(anonymous_13)
FNDA:1,(anonymous_14)
FNDA:1,(anonymous_15)
FNDA:1,(anonymous_16)
FNDA:1,(anonymous_17)
FNDA:1,(anonymous_18)
FNDA:1,(anonymous_19)
FNDA:1,(anonymous_20)
FNDA:1,(anonymous_21)
FNDA:1,(anonymous_22)
DA:32,20
DA:34,20
DA:35,0
DA:37,20
DA:39,20
DA:40,20
DA:41,20
DA:42,20
DA:43,20
DA:44,20
DA:46,20
DA:47,17
DA:48,5
DA:49,4
DA:50,4
DA:51,4
DA:52,4
DA:53,4
DA:55,5
DA:59,20
DA:61,1
DA:69,1
DA:70,1
DA:71,1
DA:72,1
DA:74,1
DA:80,1
DA:85,1
DA:86,1
DA:88,0
DA:89,0
DA:90,0
DA:91,0
DA:92,0
DA:93,0
DA:94,0
DA:95,0
DA:100,20
DA:101,20
DA:103,20
DA:104,3
DA:123,0
DA:129,20
DA:130,1
DA:137,20
DA:138,1
DA:144,1
DA:149,20
DA:150,1
DA:156,1
DA:160,20
DA:161,15
DA:163,1
DA:173,20
DA:193,0
DA:223,1
DA:224,1
DA:231,1
DA:232,1
DA:241,1
DA:242,1
DA:251,1
DA:252,1
DA:258,1
DA:272,3
LF:65
LH:54
BRDA:34,0,0,17
BRDA:34,0,1,3
BRDA:38,1,0,2
BRDA:38,1,1,18
BRDA:46,2,0,17
BRDA:46,2,1,3
BRDA:48,3,0,4
BRDA:48,3,1,1
BRDA:48,4,0,5
BRDA:48,4,1,5
BRDA:74,5,0,1
BRDA:74,5,1,0
BRDA:75,6,0,1
BRDA:75,6,1,1
BRDA:75,6,2,1
BRDA:75,6,3,1
BRDA:81,7,0,0
BRDA:81,7,1,1
BRDA:88,8,0,0
BRDA:88,8,1,0
BRDA:90,9,0,0
BRDA:90,9,1,0
BRDA:92,10,0,0
BRDA:92,10,1,0
BRDA:94,11,0,0
BRDA:94,11,1,0
BRDA:167,12,0,2
BRDA:167,12,1,13
BRDA:260,13,0,3
BRDA:260,13,1,17
BRF:30
BRH:20
end_of_record
TN:
SF:components/contactDetails.js
FN:14,(anonymous_0)
FN:19,(anonymous_1)
FN:28,(anonymous_2)
FN:75,(anonymous_3)
FN:81,(anonymous_4)
FN:87,(anonymous_5)
FN:95,(anonymous_6)
FNF:7
FNH:6
FNDA:3,(anonymous_0)
FNDA:0,(anonymous_1)
FNDA:2,(anonymous_2)
FNDA:1,(anonymous_3)
FNDA:1,(anonymous_4)
FNDA:1,(anonymous_5)
FNDA:1,(anonymous_6)
DA:14,2
DA:15,3
DA:16,3
DA:18,3
DA:19,0
DA:21,3
DA:22,3
DA:23,3
DA:24,3
DA:25,3
DA:26,3
DA:28,3
DA:29,2
DA:30,1
DA:31,1
DA:32,1
DA:33,1
DA:34,1
DA:36,2
DA:39,3
DA:75,1
DA:81,1
DA:87,1
DA:96,1
DA:109,2
LF:25
LH:24
BRDA:18,0,0,1
BRDA:18,0,1,2
BRDA:29,1,0,1
BRDA:29,1,1,1
BRF:4
BRH:4
end_of_record
TN:
SF:components/contacts.js
FN:11,(anonymous_0)
FN:16,(anonymous_1)
FN:18,(anonymous_2)
FN:35,(anonymous_3)
FN:44,(anonymous_4)
FN:49,(anonymous_5)
FN:55,(anonymous_6)
FNF:7
FNH:6
FNDA:23,(anonymous_0)
FNDA:1,(anonymous_1)
FNDA:0,(anonymous_2)
FNDA:1,(anonymous_3)
FNDA:1,(anonymous_4)
FNDA:1,(anonymous_5)
FNDA:1,(anonymous_6)
DA:11,3
DA:12,23
DA:13,23
DA:14,23
DA:15,23
DA:16,23
DA:17,1
DA:18,0
DA:22,23
DA:23,23
DA:24,22
DA:26,1
DA:27,1
DA:29,23
DA:35,1
DA:44,1
DA:49,1
DA:56,1
DA:70,3
LF:19
LH:18
BRDA:23,0,0,22
BRDA:23,0,1,1
BRF:2
BRH:2
end_of_record
TN:
SF:components/contactsList.js
FN:10,Contacts
FN:15,(anonymous_1)
FN:20,(anonymous_2)
FN:25,(anonymous_3)
FN:34,(anonymous_4)
FN:36,(anonymous_5)
FN:45,(anonymous_6)
FN:61,(anonymous_7)
FN:75,(anonymous_8)
FNF:9
FNH:8
FNDA:5,Contacts
FNDA:2,(anonymous_1)
FNDA:17,(anonymous_2)
FNDA:1,(anonymous_3)
FNDA:1,(anonymous_4)
FNDA:5,(anonymous_5)
FNDA:1,(anonymous_6)
FNDA:0,(anonymous_7)
FNDA:1,(anonymous_8)
DA:8,2
DA:11,5
DA:12,5
DA:14,5
DA:15,2
DA:17,5
DA:18,5
DA:19,5
DA:20,4
DA:21,17
DA:24,1
DA:26,1
DA:31,1
DA:32,1
DA:34,1
DA:36,5
DA:37,5
DA:45,1
DA:56,5
DA:57,0
DA:62,0
DA:71,5
DA:76,1
DA:85,5
DA:100,2
LF:25
LH:23
BRDA:14,0,0,1
BRDA:14,0,1,4
BRDA:19,1,0,4
BRDA:19,1,1,1
BRDA:56,2,0,0
BRDA:56,2,1,5
BRF:6
BRH:5
end_of_record
TN:
SF:constant/type.js
FNF:0
FNH:0
DA:1,8
DA:2,8
DA:3,8
DA:4,8
DA:5,8
DA:6,8
DA:7,8
DA:8,8
DA:9,8
DA:10,8
DA:11,8
LF:11
LH:11
BRF:0
BRH:0
end_of_record
TN:
SF:reducers/contactReducers.js
FN:137,(anonymous_0)
FN:146,(anonymous_1)
FN:159,(anonymous_2)
FN:167,(anonymous_3)
FN:173,(anonymous_4)
FNF:5
FNH:5
FNDA:9,(anonymous_0)
FNDA:14,(anonymous_1)
FNDA:14,(anonymous_2)
FNDA:14,(anonymous_3)
FNDA:14,(anonymous_4)
DA:9,2
DA:137,2
DA:138,9
DA:140,1
DA:145,1
DA:146,14
DA:148,1
DA:149,1
DA:150,1
DA:152,1
DA:157,1
DA:160,14
DA:164,1
DA:167,14
DA:171,1
DA:174,14
DA:179,4
LF:17
LH:17
BRDA:137,0,0,9
BRDA:138,1,0,1
BRDA:138,1,1,1
BRDA:138,1,2,1
BRDA:138,1,3,1
BRDA:138,1,4,1
BRDA:138,1,5,4
BRDA:160,2,0,1
BRDA:160,2,1,13
BRDA:174,3,0,0
BRDA:174,3,1,14
BRF:11
BRH:10
end_of_record
TN:
SF:reducers/index.js
FNF:0
FNH:0
LF:0
LH:0
BRF:0
BRH:0
end_of_record
TN:
SF:utils/validations.js
FN:3,(anonymous_0)
FN:12,(anonymous_1)
FN:21,(anonymous_2)
FNF:3
FNH:3
FNDA:6,(anonymous_0)
FNDA:6,(anonymous_1)
FNDA:10,(anonymous_2)
DA:3,4
DA:4,6
DA:5,6
DA:6,6
DA:7,1
DA:9,5
DA:12,4
DA:13,6
DA:14,6
DA:15,6
DA:16,3
DA:18,3
DA:21,4
DA:22,10
DA:23,10
DA:24,10
DA:25,6
DA:27,4
LF:18
LH:18
BRDA:6,0,0,1
BRDA:6,0,1,5
BRDA:15,1,0,3
BRDA:15,1,1,3
BRDA:24,2,0,6
BRDA:24,2,1,4
BRF:6
BRH:6
end_of_record
