TN:
SF:App.js
FN:18,App
FNF:1
FNH:1
FNDA:1,App
DA:17,1
DA:19,1
LF:2
LH:2
BRF:0
BRH:0
end_of_record
TN:
SF:store.js
FNF:0
FNH:0
DA:6,1
DA:11,1
LF:2
LH:2
BRF:0
BRH:0
end_of_record
TN:
SF:actions/contactAction.js
FN:10,(anonymous_0)
FN:15,(anonymous_1)
FN:20,(anonymous_2)
FN:25,(anonymous_3)
FN:30,(anonymous_4)
FNF:5
FNH:5
FNDA:1,(anonymous_0)
FNDA:15,(anonymous_1)
FNDA:2,(anonymous_2)
FNDA:1,(anonymous_3)
FNDA:1,(anonymous_4)
DA:10,7
DA:15,15
DA:20,7
DA:25,7
DA:30,7
LF:5
LH:5
BRF:0
BRH:0
end_of_record
TN:
SF:components/addEditContacts.js
FN:31,AddContact
FN:35,(anonymous_1)
FN:47,(anonymous_2)
FN:59,(anonymous_3)
FN:103,(anonymous_4)
FN:123,(anonymous_5)
FN:129,(anonymous_6)
FN:137,(anonymous_7)
FN:143,(anonymous_8)
FN:149,(anonymous_9)
FN:155,(anonymous_10)
FN:160,(anonymous_11)
FN:165,(anonymous_12)
FN:197,(anonymous_13)
FN:227,(anonymous_14)
FN:228,(anonymous_15)
FN:235,(anonymous_16)
FN:236,(anonymous_17)
FN:245,(anonymous_18)
FN:246,(anonymous_19)
FN:255,(anonymous_20)
FN:256,(anonymous_21)
FN:262,(anonymous_22)
FNF:23
FNH:20
FNDA:29,AddContact
FNDA:0,(anonymous_1)
FNDA:10,(anonymous_2)
FNDA:5,(anonymous_3)
FNDA:3,(anonymous_4)
FNDA:0,(anonymous_5)
FNDA:1,(anonymous_6)
FNDA:1,(anonymous_7)
FNDA:1,(anonymous_8)
FNDA:1,(anonymous_9)
FNDA:1,(anonymous_10)
FNDA:24,(anonymous_11)
FNDA:1,(anonymous_12)
FNDA:0,(anonymous_13)
FNDA:1,(anonymous_14)
FNDA:1,(anonymous_15)
FNDA:1,(anonymous_16)
FNDA:1,(anonymous_17)
FNDA:1,(anonymous_18)
FNDA:1,(anonymous_19)
FNDA:1,(anonymous_20)
FNDA:1,(anonymous_21)
FNDA:5,(anonymous_22)
DA:32,29
DA:34,29
DA:35,0
DA:37,29
DA:39,29
DA:40,29
DA:41,29
DA:42,29
DA:43,29
DA:44,29
DA:46,29
DA:47,26
DA:48,10
DA:49,8
DA:50,8
DA:51,8
DA:52,8
DA:53,8
DA:55,10
DA:59,29
DA:61,5
DA:69,5
DA:70,5
DA:71,5
DA:72,5
DA:74,5
DA:80,1
DA:85,1
DA:86,1
DA:88,4
DA:89,1
DA:90,3
DA:91,1
DA:92,2
DA:93,1
DA:94,1
DA:95,1
DA:100,29
DA:101,29
DA:103,29
DA:104,3
DA:123,0
DA:129,29
DA:130,1
DA:137,29
DA:138,1
DA:144,1
DA:149,29
DA:150,1
DA:156,1
DA:160,29
DA:161,24
DA:165,1
DA:175,29
DA:197,0
DA:227,1
DA:228,1
DA:235,1
DA:236,1
DA:245,1
DA:246,1
DA:255,1
DA:256,1
DA:262,5
DA:276,3
LF:65
LH:62
BRDA:34,0,0,26
BRDA:34,0,1,3
BRDA:38,1,0,3
BRDA:38,1,1,26
BRDA:46,2,0,26
BRDA:46,2,1,3
BRDA:48,3,0,8
BRDA:48,3,1,2
BRDA:48,4,0,10
BRDA:48,4,1,10
BRDA:74,5,0,1
BRDA:74,5,1,4
BRDA:75,6,0,5
BRDA:75,6,1,4
BRDA:75,6,2,3
BRDA:75,6,3,2
BRDA:81,7,0,0
BRDA:81,7,1,1
BRDA:88,8,0,1
BRDA:88,8,1,3
BRDA:90,9,0,1
BRDA:90,9,1,2
BRDA:92,10,0,1
BRDA:92,10,1,1
BRDA:94,11,0,1
BRDA:94,11,1,0
BRDA:169,12,0,2
BRDA:169,12,1,22
BRDA:264,13,0,3
BRDA:264,13,1,26
BRF:30
BRH:28
end_of_record
TN:
SF:components/contactDetails.js
FN:14,(anonymous_0)
FN:19,(anonymous_1)
FN:27,(anonymous_2)
FN:74,(anonymous_3)
FN:80,(anonymous_4)
FN:86,(anonymous_5)
FN:94,(anonymous_6)
FNF:7
FNH:6
FNDA:3,(anonymous_0)
FNDA:0,(anonymous_1)
FNDA:2,(anonymous_2)
FNDA:1,(anonymous_3)
FNDA:1,(anonymous_4)
FNDA:1,(anonymous_5)
FNDA:1,(anonymous_6)
DA:14,2
DA:15,3
DA:16,3
DA:18,3
DA:19,0
DA:21,3
DA:22,3
DA:23,3
DA:24,3
DA:25,3
DA:27,3
DA:28,2
DA:29,1
DA:30,1
DA:31,1
DA:32,1
DA:33,1
DA:35,2
DA:38,3
DA:74,1
DA:80,1
DA:86,1
DA:95,1
DA:108,2
LF:24
LH:23
BRDA:18,0,0,1
BRDA:18,0,1,2
BRDA:28,1,0,1
BRDA:28,1,1,1
BRF:4
BRH:4
end_of_record
TN:
SF:components/contacts.js
FN:11,(anonymous_0)
FN:16,(anonymous_1)
FN:18,(anonymous_2)
FN:35,(anonymous_3)
FN:48,(anonymous_4)
FN:54,(anonymous_5)
FN:60,(anonymous_6)
FNF:7
FNH:6
FNDA:22,(anonymous_0)
FNDA:1,(anonymous_1)
FNDA:0,(anonymous_2)
FNDA:1,(anonymous_3)
FNDA:1,(anonymous_4)
FNDA:1,(anonymous_5)
FNDA:1,(anonymous_6)
DA:11,3
DA:12,22
DA:13,22
DA:14,22
DA:15,22
DA:16,22
DA:17,1
DA:18,0
DA:22,22
DA:23,22
DA:24,21
DA:26,1
DA:27,1
DA:29,22
DA:35,1
DA:48,1
DA:54,1
DA:61,1
DA:75,3
LF:19
LH:18
BRDA:23,0,0,21
BRDA:23,0,1,1
BRF:2
BRH:2
end_of_record
TN:
SF:components/contactsList.js
FN:10,Contacts
FN:15,(anonymous_1)
FN:20,(anonymous_2)
FN:25,(anonymous_3)
FN:34,(anonymous_4)
FN:36,(anonymous_5)
FN:45,(anonymous_6)
FN:61,(anonymous_7)
FN:75,(anonymous_8)
FNF:9
FNH:8
FNDA:5,Contacts
FNDA:2,(anonymous_1)
FNDA:17,(anonymous_2)
FNDA:1,(anonymous_3)
FNDA:1,(anonymous_4)
FNDA:5,(anonymous_5)
FNDA:1,(anonymous_6)
FNDA:1,(anonymous_7)
FNDA:0,(anonymous_8)
DA:8,2
DA:11,5
DA:12,5
DA:14,5
DA:15,2
DA:17,5
DA:18,5
DA:19,5
DA:20,4
DA:21,17
DA:24,1
DA:26,1
DA:31,1
DA:32,1
DA:34,1
DA:36,5
DA:37,5
DA:45,1
DA:56,5
DA:57,4
DA:62,1
DA:71,1
DA:76,0
DA:85,5
DA:98,2
LF:25
LH:24
BRDA:14,0,0,1
BRDA:14,0,1,4
BRDA:19,1,0,4
BRDA:19,1,1,1
BRDA:56,2,0,4
BRDA:56,2,1,1
BRF:6
BRH:6
end_of_record
TN:
SF:constant/type.js
FNF:0
FNH:0
DA:1,8
DA:2,8
DA:3,8
DA:4,8
DA:5,8
DA:6,8
DA:7,8
DA:8,8
DA:9,8
DA:10,8
DA:11,8
LF:11
LH:11
BRF:0
BRH:0
end_of_record
TN:
SF:reducers/contactReducers.js
FN:137,(anonymous_0)
FN:146,(anonymous_1)
FN:159,(anonymous_2)
FN:167,(anonymous_3)
FN:173,(anonymous_4)
FNF:5
FNH:5
FNDA:9,(anonymous_0)
FNDA:14,(anonymous_1)
FNDA:14,(anonymous_2)
FNDA:14,(anonymous_3)
FNDA:14,(anonymous_4)
DA:9,2
DA:137,2
DA:138,9
DA:140,1
DA:145,1
DA:146,14
DA:148,1
DA:149,1
DA:150,1
DA:152,1
DA:157,1
DA:160,14
DA:164,1
DA:167,14
DA:171,1
DA:174,14
DA:179,4
LF:17
LH:17
BRDA:137,0,0,9
BRDA:138,1,0,1
BRDA:138,1,1,1
BRDA:138,1,2,1
BRDA:138,1,3,1
BRDA:138,1,4,1
BRDA:138,1,5,4
BRDA:160,2,0,1
BRDA:160,2,1,13
BRDA:174,3,0,0
BRDA:174,3,1,14
BRF:11
BRH:10
end_of_record
TN:
SF:reducers/index.js
FNF:0
FNH:0
LF:0
LH:0
BRF:0
BRH:0
end_of_record
TN:
SF:utils/validations.js
FN:3,(anonymous_0)
FN:12,(anonymous_1)
FN:21,(anonymous_2)
FNF:3
FNH:3
FNDA:14,(anonymous_0)
FNDA:10,(anonymous_1)
FNDA:14,(anonymous_2)
DA:3,4
DA:4,14
DA:5,14
DA:6,14
DA:7,3
DA:9,11
DA:12,4
DA:13,10
DA:14,10
DA:15,10
DA:16,4
DA:18,6
DA:21,4
DA:22,14
DA:23,14
DA:24,14
DA:25,7
DA:27,7
LF:18
LH:18
BRDA:6,0,0,3
BRDA:6,0,1,11
BRDA:15,1,0,4
BRDA:15,1,1,6
BRDA:24,2,0,7
BRDA:24,2,1,7
BRF:6
BRH:6
end_of_record
